2014/10/07 13:20:24 INFO  - jmeter.util.JMeterUtils: Setting Locale to en_US 
2014/10/07 13:20:24 INFO  - jmeter.JMeter: Loading user properties from: /usr/share/jmeter/bin/user.properties 
2014/10/07 13:20:24 INFO  - jmeter.JMeter: Loading system properties from: /usr/share/jmeter/bin/system.properties 
2014/10/07 13:20:24 INFO  - jmeter.JMeter: Copyright (c) 1998-2012 The Apache Software Foundation 
2014/10/07 13:20:24 INFO  - jmeter.JMeter: Version 2.8.20130705 
2014/10/07 13:20:24 INFO  - jmeter.JMeter: java.version=1.7.0_65 
2014/10/07 13:20:24 INFO  - jmeter.JMeter: java.vm.name=OpenJDK 64-Bit Server VM 
2014/10/07 13:20:24 INFO  - jmeter.JMeter: os.name=Linux 
2014/10/07 13:20:24 INFO  - jmeter.JMeter: os.arch=amd64 
2014/10/07 13:20:24 INFO  - jmeter.JMeter: os.version=3.13.0-36-generic 
2014/10/07 13:20:24 INFO  - jmeter.JMeter: file.encoding=UTF-8 
2014/10/07 13:20:24 INFO  - jmeter.JMeter: Default Locale=English (United States) 
2014/10/07 13:20:24 INFO  - jmeter.JMeter: JMeter  Locale=English (United States) 
2014/10/07 13:20:24 INFO  - jmeter.JMeter: JMeterHome=/usr/share/jmeter 
2014/10/07 13:20:24 INFO  - jmeter.JMeter: user.dir  =/home/carpenrc/Virtualenv/elster_customer_portal 
2014/10/07 13:20:24 INFO  - jmeter.JMeter: PWD       =/home/carpenrc/Virtualenv/elster_customer_portal 
2014/10/07 13:20:24 INFO  - jmeter.JMeter: IP: 127.0.1.1 Name: ubuntu FullName: ubuntu 
2014/10/07 13:20:24 INFO  - jmeter.JMeter: Loaded icon properties from org/apache/jmeter/images/icon.properties 
2014/10/07 13:20:26 INFO  - jmeter.engine.util.CompoundVariable: Note: Function class names must contain the string: '.functions.' 
2014/10/07 13:20:26 INFO  - jmeter.engine.util.CompoundVariable: Note: Function class names must not contain the string: '.gui.' 
2014/10/07 13:20:27 INFO  - jmeter.gui.action.LookAndFeelCommand: Using look and feel: javax.swing.plaf.metal.MetalLookAndFeel [Metal, CrossPlatform, System] 
2014/10/07 13:20:28 INFO  - jmeter.util.BSFTestElement: Registering JMeter version of JavaScript engine as work-round for BSF-22 
2014/10/07 13:20:29 INFO  - jmeter.protocol.http.sampler.HTTPSamplerBase: Cannot find .className property for htmlParser, using default 
2014/10/07 13:20:29 INFO  - jmeter.protocol.http.sampler.HTTPSamplerBase: Parser for text/html is  
2014/10/07 13:20:29 INFO  - jmeter.protocol.http.sampler.HTTPSamplerBase: Parser for application/xhtml+xml is  
2014/10/07 13:20:29 INFO  - jmeter.protocol.http.sampler.HTTPSamplerBase: Parser for application/xml is  
2014/10/07 13:20:29 INFO  - jmeter.protocol.http.sampler.HTTPSamplerBase: Parser for text/xml is  
2014/10/07 13:20:29 INFO  - jmeter.protocol.http.sampler.HTTPSamplerBase: Parser for text/vnd.wap.wml is org.apache.jmeter.protocol.http.parser.RegexpHTMLParser 
2014/10/07 13:20:29 INFO  - jmeter.protocol.http.sampler.HTTPSamplerBase: Reuse SSL session context on subsequent iterations: true 
2014/10/07 13:20:29 INFO  - jmeter.gui.util.MenuFactory: Skipping org.apache.jmeter.protocol.http.modifier.gui.ParamModifierGui 
2014/10/07 13:20:30 INFO  - jmeter.samplers.SampleResult: Note: Sample TimeStamps are START times 
2014/10/07 13:20:30 INFO  - jmeter.samplers.SampleResult: sampleresult.default.encoding is set to ISO-8859-1 
2014/10/07 13:20:30 INFO  - jmeter.samplers.SampleResult: sampleresult.useNanoTime=true 
2014/10/07 13:20:30 INFO  - jmeter.samplers.SampleResult: sampleresult.nanoThreadSleep=5000 
2014/10/07 13:29:21 INFO  - jmeter.protocol.http.control.CookieManager: Settings: Delete null: true Check: true Allow variable: true Save: false Prefix: COOKIE_ 
2014/10/07 13:32:20 INFO  - jmeter.services.FileServer: Default base='/home/carpenrc/Virtualenv/elster_customer_portal' 
2014/10/07 13:32:20 INFO  - jmeter.services.FileServer: Set new base='/home/carpenrc/Documents' 
2014/10/07 13:32:20 INFO  - jmeter.save.SaveService: Testplan (JMX) version: 2.2. Testlog (JTL) version: 2.2 
2014/10/07 13:32:20 INFO  - jmeter.save.SaveService: Using SaveService properties file encoding UTF-8 
2014/10/07 13:32:20 INFO  - jmeter.save.SaveService: Using SaveService properties file version 1382180 
2014/10/07 13:32:20 INFO  - jmeter.save.SaveService: Using SaveService properties version 2.3 
2014/10/07 13:32:20 INFO  - jmeter.save.SaveService: All converter versions present and correct 
2014/10/07 13:32:20 INFO  - jmeter.engine.StandardJMeterEngine: Listeners will be started after enabling running version 
2014/10/07 13:32:20 INFO  - jmeter.engine.StandardJMeterEngine: To revert to the earlier behaviour, define jmeterengine.startlistenerslater=false 
2014/10/07 13:32:20 INFO  - jmeter.engine.StandardJMeterEngine: Running the test! 
2014/10/07 13:32:20 INFO  - jmeter.gui.util.JMeterMenuBar: setRunning(true,*local*) 
2014/10/07 13:32:21 INFO  - jmeter.engine.StandardJMeterEngine: Starting ThreadGroup: 1 : Portal Users 
2014/10/07 13:32:21 INFO  - jmeter.engine.StandardJMeterEngine: Starting 5 threads for group Portal Users. 
2014/10/07 13:32:21 INFO  - jmeter.engine.StandardJMeterEngine: Thread will continue on error 
2014/10/07 13:32:21 INFO  - jmeter.threads.ThreadGroup: Starting thread group number 1 threads 5 ramp-up 1 perThread 200.0 delayedStart=false 
2014/10/07 13:32:21 INFO  - jmeter.threads.JMeterThread: jmeterthread.startearlier=true (see jmeter.properties) 
2014/10/07 13:32:21 INFO  - jmeter.threads.JMeterThread: Running PostProcessors in forward order 
2014/10/07 13:32:21 INFO  - jmeter.threads.ThreadGroup: Started thread group number 1 
2014/10/07 13:32:21 INFO  - jmeter.engine.StandardJMeterEngine: All thread groups have been started 
2014/10/07 13:32:21 INFO  - jmeter.threads.JMeterThread: Thread started: Portal Users 1-1 
2014/10/07 13:32:21 INFO  - jmeter.protocol.http.sampler.HTTPHCAbstractImpl: Local host = ubuntu 
2014/10/07 13:32:21 INFO  - jmeter.protocol.http.sampler.HTTPHC4Impl: HTTP request retry count = 1 
2014/10/07 13:32:21 INFO  - jmeter.threads.JMeterThread: Thread started: Portal Users 1-2 
2014/10/07 13:32:21 INFO  - jmeter.threads.JMeterThread: Thread started: Portal Users 1-3 
2014/10/07 13:32:21 INFO  - jmeter.threads.JMeterThread: Thread started: Portal Users 1-4 
2014/10/07 13:32:22 INFO  - jmeter.protocol.http.sampler.HTTPHC4Impl: Setting up HTTPS TrustAll scheme 
2014/10/07 13:32:22 INFO  - jmeter.util.JsseSSLManager: Using default SSL protocol: TLS 
2014/10/07 13:32:22 INFO  - jmeter.util.JsseSSLManager: SSL session context: per-thread 
2014/10/07 13:32:22 INFO  - jmeter.threads.JMeterThread: Thread started: Portal Users 1-5 
2014/10/07 13:32:22 INFO  - jmeter.threads.JMeterThread: Thread finished: Portal Users 1-2 
2014/10/07 13:32:22 INFO  - jmeter.threads.JMeterThread: Thread finished: Portal Users 1-1 
2014/10/07 13:32:22 INFO  - jmeter.threads.JMeterThread: Thread finished: Portal Users 1-4 
2014/10/07 13:32:22 INFO  - jmeter.threads.JMeterThread: Thread finished: Portal Users 1-5 
2014/10/07 13:32:22 INFO  - jmeter.threads.JMeterThread: Thread finished: Portal Users 1-3 
2014/10/07 13:32:22 INFO  - jmeter.engine.StandardJMeterEngine: Notifying test listeners of end of test 
2014/10/07 13:32:22 INFO  - jmeter.gui.util.JMeterMenuBar: setRunning(false,*local*) 
2014/10/07 13:32:27 INFO  - jmeter.engine.StandardJMeterEngine: Running the test! 
2014/10/07 13:32:27 INFO  - jmeter.gui.util.JMeterMenuBar: setRunning(true,*local*) 
2014/10/07 13:32:27 INFO  - jmeter.engine.StandardJMeterEngine: Starting ThreadGroup: 1 : Portal Users 
2014/10/07 13:32:27 INFO  - jmeter.engine.StandardJMeterEngine: Starting 5 threads for group Portal Users. 
2014/10/07 13:32:27 INFO  - jmeter.engine.StandardJMeterEngine: Thread will continue on error 
2014/10/07 13:32:27 INFO  - jmeter.threads.ThreadGroup: Starting thread group number 1 threads 5 ramp-up 1 perThread 200.0 delayedStart=false 
2014/10/07 13:32:27 INFO  - jmeter.threads.JMeterThread: Thread started: Portal Users 1-1 
2014/10/07 13:32:27 INFO  - jmeter.threads.ThreadGroup: Started thread group number 1 
2014/10/07 13:32:27 INFO  - jmeter.engine.StandardJMeterEngine: All thread groups have been started 
2014/10/07 13:32:27 INFO  - jmeter.threads.JMeterThread: Thread finished: Portal Users 1-1 
2014/10/07 13:32:28 INFO  - jmeter.threads.JMeterThread: Thread started: Portal Users 1-2 
2014/10/07 13:32:28 INFO  - jmeter.threads.JMeterThread: Thread finished: Portal Users 1-2 
2014/10/07 13:32:28 INFO  - jmeter.threads.JMeterThread: Thread started: Portal Users 1-3 
2014/10/07 13:32:28 INFO  - jmeter.threads.JMeterThread: Thread finished: Portal Users 1-3 
2014/10/07 13:32:28 INFO  - jmeter.threads.JMeterThread: Thread started: Portal Users 1-4 
2014/10/07 13:32:28 INFO  - jmeter.threads.JMeterThread: Thread finished: Portal Users 1-4 
2014/10/07 13:32:28 INFO  - jmeter.threads.JMeterThread: Thread started: Portal Users 1-5 
2014/10/07 13:32:28 INFO  - jmeter.threads.JMeterThread: Thread finished: Portal Users 1-5 
2014/10/07 13:32:28 INFO  - jmeter.engine.StandardJMeterEngine: Notifying test listeners of end of test 
2014/10/07 13:32:28 INFO  - jmeter.gui.util.JMeterMenuBar: setRunning(false,*local*) 
2014/10/07 13:32:58 INFO  - jmeter.engine.StandardJMeterEngine: Running the test! 
2014/10/07 13:32:58 INFO  - jmeter.gui.util.JMeterMenuBar: setRunning(true,*local*) 
2014/10/07 13:32:58 INFO  - jmeter.engine.StandardJMeterEngine: Starting ThreadGroup: 1 : Portal Users 
2014/10/07 13:32:58 INFO  - jmeter.engine.StandardJMeterEngine: Starting 5 threads for group Portal Users. 
2014/10/07 13:32:58 INFO  - jmeter.engine.StandardJMeterEngine: Thread will continue on error 
2014/10/07 13:32:58 INFO  - jmeter.threads.ThreadGroup: Starting thread group number 1 threads 5 ramp-up 1 perThread 200.0 delayedStart=false 
2014/10/07 13:32:58 INFO  - jmeter.threads.JMeterThread: Thread started: Portal Users 1-1 
2014/10/07 13:32:58 INFO  - jmeter.threads.ThreadGroup: Started thread group number 1 
2014/10/07 13:32:58 INFO  - jmeter.engine.StandardJMeterEngine: All thread groups have been started 
2014/10/07 13:32:58 INFO  - jmeter.threads.JMeterThread: Thread started: Portal Users 1-2 
2014/10/07 13:32:58 INFO  - jmeter.threads.JMeterThread: Thread started: Portal Users 1-3 
2014/10/07 13:32:59 INFO  - jmeter.threads.JMeterThread: Thread started: Portal Users 1-4 
2014/10/07 13:32:59 INFO  - jmeter.threads.JMeterThread: Thread started: Portal Users 1-5 
2014/10/07 13:33:23 INFO  - jmeter.gui.action.Start: Stopping test 
2014/10/07 13:33:24 INFO  - jmeter.threads.JMeterThread: Stopping: Portal Users 1-4 
2014/10/07 13:33:24 WARN  - jmeter.util.JMeterUtils: Interrupted in thread Portal Users 1-4 java.lang.InterruptedException
	at java.lang.Object.wait(Native Method)
	at java.lang.Object.wait(Object.java:503)
	at java.awt.EventQueue.invokeAndWait(EventQueue.java:1270)
	at java.awt.EventQueue.invokeAndWait(EventQueue.java:1251)
	at javax.swing.SwingUtilities.invokeAndWait(SwingUtilities.java:1347)
	at org.apache.jmeter.util.JMeterUtils.runSafe(JMeterUtils.java:1292)
	at org.apache.jmeter.visualizers.GraphVisualizer.add(GraphVisualizer.java:132)
	at org.apache.jmeter.reporters.ResultCollector.sendToVisualizer(ResultCollector.java:518)
	at org.apache.jmeter.reporters.ResultCollector.sampleOccurred(ResultCollector.java:494)
	at org.apache.jmeter.threads.ListenerNotifier.notifyListeners(ListenerNotifier.java:84)
	at org.apache.jmeter.threads.JMeterThread.notifyListeners(JMeterThread.java:774)
	at org.apache.jmeter.threads.JMeterThread.process_sampler(JMeterThread.java:440)
	at org.apache.jmeter.threads.JMeterThread.run(JMeterThread.java:255)
	at java.lang.Thread.run(Thread.java:745)

2014/10/07 13:33:24 INFO  - jmeter.threads.JMeterThread: Thread finished: Portal Users 1-4 
2014/10/07 13:33:24 INFO  - jmeter.threads.JMeterThread: Stopping: Portal Users 1-2 
2014/10/07 13:33:24 INFO  - jmeter.threads.JMeterThread: Stopping: Portal Users 1-1 
2014/10/07 13:33:24 WARN  - jmeter.util.JMeterUtils: Interrupted in thread Portal Users 1-2 java.lang.InterruptedException
	at java.lang.Object.wait(Native Method)
	at java.lang.Object.wait(Object.java:503)
	at java.awt.EventQueue.invokeAndWait(EventQueue.java:1270)
	at java.awt.EventQueue.invokeAndWait(EventQueue.java:1251)
	at javax.swing.SwingUtilities.invokeAndWait(SwingUtilities.java:1347)
	at org.apache.jmeter.util.JMeterUtils.runSafe(JMeterUtils.java:1292)
	at org.apache.jmeter.visualizers.GraphVisualizer.add(GraphVisualizer.java:132)
	at org.apache.jmeter.reporters.ResultCollector.sendToVisualizer(ResultCollector.java:518)
	at org.apache.jmeter.reporters.ResultCollector.sampleOccurred(ResultCollector.java:494)
	at org.apache.jmeter.threads.ListenerNotifier.notifyListeners(ListenerNotifier.java:84)
	at org.apache.jmeter.threads.JMeterThread.notifyListeners(JMeterThread.java:774)
	at org.apache.jmeter.threads.JMeterThread.process_sampler(JMeterThread.java:440)
	at org.apache.jmeter.threads.JMeterThread.run(JMeterThread.java:255)
	at java.lang.Thread.run(Thread.java:745)

2014/10/07 13:33:24 INFO  - jmeter.threads.JMeterThread: Thread finished: Portal Users 1-2 
2014/10/07 13:33:24 INFO  - jmeter.threads.JMeterThread: Stopping: Portal Users 1-3 
2014/10/07 13:33:24 WARN  - jmeter.util.JMeterUtils: Interrupted in thread Portal Users 1-1 java.lang.InterruptedException
	at java.lang.Object.wait(Native Method)
	at java.lang.Object.wait(Object.java:503)
	at java.awt.EventQueue.invokeAndWait(EventQueue.java:1270)
	at java.awt.EventQueue.invokeAndWait(EventQueue.java:1251)
	at javax.swing.SwingUtilities.invokeAndWait(SwingUtilities.java:1347)
	at org.apache.jmeter.util.JMeterUtils.runSafe(JMeterUtils.java:1292)
	at org.apache.jmeter.visualizers.GraphVisualizer.add(GraphVisualizer.java:132)
	at org.apache.jmeter.reporters.ResultCollector.sendToVisualizer(ResultCollector.java:518)
	at org.apache.jmeter.reporters.ResultCollector.sampleOccurred(ResultCollector.java:494)
	at org.apache.jmeter.threads.ListenerNotifier.notifyListeners(ListenerNotifier.java:84)
	at org.apache.jmeter.threads.JMeterThread.notifyListeners(JMeterThread.java:774)
	at org.apache.jmeter.threads.JMeterThread.process_sampler(JMeterThread.java:440)
	at org.apache.jmeter.threads.JMeterThread.run(JMeterThread.java:255)
	at java.lang.Thread.run(Thread.java:745)

2014/10/07 13:33:24 INFO  - jmeter.threads.JMeterThread: Thread finished: Portal Users 1-1 
2014/10/07 13:33:24 INFO  - jmeter.threads.JMeterThread: Stopping: Portal Users 1-5 
2014/10/07 13:33:24 WARN  - jmeter.util.JMeterUtils: Interrupted in thread Portal Users 1-3 java.lang.InterruptedException
	at java.lang.Object.wait(Native Method)
	at java.lang.Object.wait(Object.java:503)
	at java.awt.EventQueue.invokeAndWait(EventQueue.java:1270)
	at java.awt.EventQueue.invokeAndWait(EventQueue.java:1251)
	at javax.swing.SwingUtilities.invokeAndWait(SwingUtilities.java:1347)
	at org.apache.jmeter.util.JMeterUtils.runSafe(JMeterUtils.java:1292)
	at org.apache.jmeter.visualizers.GraphVisualizer.add(GraphVisualizer.java:132)
	at org.apache.jmeter.reporters.ResultCollector.sendToVisualizer(ResultCollector.java:518)
	at org.apache.jmeter.reporters.ResultCollector.sampleOccurred(ResultCollector.java:494)
	at org.apache.jmeter.threads.ListenerNotifier.notifyListeners(ListenerNotifier.java:84)
	at org.apache.jmeter.threads.JMeterThread.notifyListeners(JMeterThread.java:774)
	at org.apache.jmeter.threads.JMeterThread.process_sampler(JMeterThread.java:440)
	at org.apache.jmeter.threads.JMeterThread.run(JMeterThread.java:255)
	at java.lang.Thread.run(Thread.java:745)

2014/10/07 13:33:24 WARN  - jmeter.util.JMeterUtils: Interrupted in thread Portal Users 1-5 java.lang.InterruptedException
	at java.lang.Object.wait(Native Method)
	at java.lang.Object.wait(Object.java:503)
	at java.awt.EventQueue.invokeAndWait(EventQueue.java:1270)
	at java.awt.EventQueue.invokeAndWait(EventQueue.java:1251)
	at javax.swing.SwingUtilities.invokeAndWait(SwingUtilities.java:1347)
	at org.apache.jmeter.util.JMeterUtils.runSafe(JMeterUtils.java:1292)
	at org.apache.jmeter.visualizers.GraphVisualizer.add(GraphVisualizer.java:132)
	at org.apache.jmeter.reporters.ResultCollector.sendToVisualizer(ResultCollector.java:518)
	at org.apache.jmeter.reporters.ResultCollector.sampleOccurred(ResultCollector.java:494)
	at org.apache.jmeter.threads.ListenerNotifier.notifyListeners(ListenerNotifier.java:84)
	at org.apache.jmeter.threads.JMeterThread.notifyListeners(JMeterThread.java:774)
	at org.apache.jmeter.threads.JMeterThread.process_sampler(JMeterThread.java:440)
	at org.apache.jmeter.threads.JMeterThread.run(JMeterThread.java:255)
	at java.lang.Thread.run(Thread.java:745)

2014/10/07 13:33:24 INFO  - jmeter.threads.JMeterThread: Thread finished: Portal Users 1-5 
2014/10/07 13:33:24 INFO  - jmeter.threads.JMeterThread: Thread finished: Portal Users 1-3 
2014/10/07 13:33:24 INFO  - jmeter.engine.StandardJMeterEngine: Notifying test listeners of end of test 
2014/10/07 13:33:24 INFO  - jmeter.gui.util.JMeterMenuBar: setRunning(false,*local*) 
2014/10/07 13:39:03 INFO  - jmeter.engine.StandardJMeterEngine: Running the test! 
2014/10/07 13:39:03 INFO  - jmeter.gui.util.JMeterMenuBar: setRunning(true,*local*) 
2014/10/07 13:39:04 INFO  - jmeter.engine.StandardJMeterEngine: Starting ThreadGroup: 1 : Portal Users 
2014/10/07 13:39:04 INFO  - jmeter.engine.StandardJMeterEngine: Starting 5 threads for group Portal Users. 
2014/10/07 13:39:04 INFO  - jmeter.engine.StandardJMeterEngine: Thread will continue on error 
2014/10/07 13:39:04 INFO  - jmeter.threads.ThreadGroup: Starting thread group number 1 threads 5 ramp-up 1 perThread 200.0 delayedStart=false 
2014/10/07 13:39:04 INFO  - jmeter.threads.JMeterThread: Thread started: Portal Users 1-1 
2014/10/07 13:39:04 INFO  - jmeter.threads.ThreadGroup: Started thread group number 1 
2014/10/07 13:39:04 INFO  - jmeter.engine.StandardJMeterEngine: All thread groups have been started 
2014/10/07 13:39:04 INFO  - jmeter.threads.JMeterThread: Thread started: Portal Users 1-2 
2014/10/07 13:39:04 INFO  - jmeter.threads.JMeterThread: Thread started: Portal Users 1-3 
2014/10/07 13:39:04 INFO  - jmeter.threads.JMeterThread: Thread started: Portal Users 1-4 
2014/10/07 13:39:04 INFO  - jmeter.threads.JMeterThread: Thread started: Portal Users 1-5 
2014/10/07 13:39:12 INFO  - jmeter.gui.action.Start: Stopping test 
2014/10/07 13:39:12 INFO  - jmeter.threads.JMeterThread: Stopping: Portal Users 1-4 
2014/10/07 13:39:12 INFO  - jmeter.threads.JMeterThread: Stopping: Portal Users 1-2 
2014/10/07 13:39:12 WARN  - jmeter.util.JMeterUtils: Interrupted in thread Portal Users 1-2 java.lang.InterruptedException
	at java.lang.Object.wait(Native Method)
	at java.lang.Object.wait(Object.java:503)
	at java.awt.EventQueue.invokeAndWait(EventQueue.java:1270)
	at java.awt.EventQueue.invokeAndWait(EventQueue.java:1251)
	at javax.swing.SwingUtilities.invokeAndWait(SwingUtilities.java:1347)
	at org.apache.jmeter.util.JMeterUtils.runSafe(JMeterUtils.java:1292)
	at org.apache.jmeter.visualizers.GraphVisualizer.add(GraphVisualizer.java:132)
	at org.apache.jmeter.reporters.ResultCollector.sendToVisualizer(ResultCollector.java:518)
	at org.apache.jmeter.reporters.ResultCollector.sampleOccurred(ResultCollector.java:494)
	at org.apache.jmeter.threads.ListenerNotifier.notifyListeners(ListenerNotifier.java:84)
	at org.apache.jmeter.threads.JMeterThread.notifyListeners(JMeterThread.java:774)
	at org.apache.jmeter.threads.JMeterThread.process_sampler(JMeterThread.java:440)
	at org.apache.jmeter.threads.JMeterThread.run(JMeterThread.java:255)
	at java.lang.Thread.run(Thread.java:745)

2014/10/07 13:39:12 WARN  - jmeter.util.JMeterUtils: Interrupted in thread Portal Users 1-4 java.lang.InterruptedException
	at java.lang.Object.wait(Native Method)
	at java.lang.Object.wait(Object.java:503)
	at java.awt.EventQueue.invokeAndWait(EventQueue.java:1270)
	at java.awt.EventQueue.invokeAndWait(EventQueue.java:1251)
	at javax.swing.SwingUtilities.invokeAndWait(SwingUtilities.java:1347)
	at org.apache.jmeter.util.JMeterUtils.runSafe(JMeterUtils.java:1292)
	at org.apache.jmeter.visualizers.GraphVisualizer.add(GraphVisualizer.java:132)
	at org.apache.jmeter.reporters.ResultCollector.sendToVisualizer(ResultCollector.java:518)
	at org.apache.jmeter.reporters.ResultCollector.sampleOccurred(ResultCollector.java:494)
	at org.apache.jmeter.threads.ListenerNotifier.notifyListeners(ListenerNotifier.java:84)
	at org.apache.jmeter.threads.JMeterThread.notifyListeners(JMeterThread.java:774)
	at org.apache.jmeter.threads.JMeterThread.process_sampler(JMeterThread.java:440)
	at org.apache.jmeter.threads.JMeterThread.run(JMeterThread.java:255)
	at java.lang.Thread.run(Thread.java:745)

2014/10/07 13:39:12 INFO  - jmeter.threads.JMeterThread: Thread finished: Portal Users 1-4 
2014/10/07 13:39:12 INFO  - jmeter.threads.JMeterThread: Stopping: Portal Users 1-5 
2014/10/07 13:39:12 INFO  - jmeter.threads.JMeterThread: Thread finished: Portal Users 1-2 
2014/10/07 13:39:12 INFO  - jmeter.threads.JMeterThread: Stopping: Portal Users 1-1 
2014/10/07 13:39:12 WARN  - jmeter.util.JMeterUtils: Interrupted in thread Portal Users 1-5 java.lang.InterruptedException
	at java.lang.Object.wait(Native Method)
	at java.lang.Object.wait(Object.java:503)
	at java.awt.EventQueue.invokeAndWait(EventQueue.java:1270)
	at java.awt.EventQueue.invokeAndWait(EventQueue.java:1251)
	at javax.swing.SwingUtilities.invokeAndWait(SwingUtilities.java:1347)
	at org.apache.jmeter.util.JMeterUtils.runSafe(JMeterUtils.java:1292)
	at org.apache.jmeter.visualizers.GraphVisualizer.add(GraphVisualizer.java:132)
	at org.apache.jmeter.reporters.ResultCollector.sendToVisualizer(ResultCollector.java:518)
	at org.apache.jmeter.reporters.ResultCollector.sampleOccurred(ResultCollector.java:494)
	at org.apache.jmeter.threads.ListenerNotifier.notifyListeners(ListenerNotifier.java:84)
	at org.apache.jmeter.threads.JMeterThread.notifyListeners(JMeterThread.java:774)
	at org.apache.jmeter.threads.JMeterThread.process_sampler(JMeterThread.java:440)
	at org.apache.jmeter.threads.JMeterThread.run(JMeterThread.java:255)
	at java.lang.Thread.run(Thread.java:745)

2014/10/07 13:39:12 INFO  - jmeter.threads.JMeterThread: Stopping: Portal Users 1-3 
2014/10/07 13:39:12 INFO  - jmeter.threads.JMeterThread: Thread finished: Portal Users 1-5 
2014/10/07 13:39:12 WARN  - jmeter.util.JMeterUtils: Interrupted in thread Portal Users 1-1 java.lang.InterruptedException
	at java.lang.Object.wait(Native Method)
	at java.lang.Object.wait(Object.java:503)
	at java.awt.EventQueue.invokeAndWait(EventQueue.java:1270)
	at java.awt.EventQueue.invokeAndWait(EventQueue.java:1251)
	at javax.swing.SwingUtilities.invokeAndWait(SwingUtilities.java:1347)
	at org.apache.jmeter.util.JMeterUtils.runSafe(JMeterUtils.java:1292)
	at org.apache.jmeter.visualizers.GraphVisualizer.add(GraphVisualizer.java:132)
	at org.apache.jmeter.reporters.ResultCollector.sendToVisualizer(ResultCollector.java:518)
	at org.apache.jmeter.reporters.ResultCollector.sampleOccurred(ResultCollector.java:494)
	at org.apache.jmeter.threads.ListenerNotifier.notifyListeners(ListenerNotifier.java:84)
	at org.apache.jmeter.threads.JMeterThread.notifyListeners(JMeterThread.java:774)
	at org.apache.jmeter.threads.JMeterThread.process_sampler(JMeterThread.java:440)
	at org.apache.jmeter.threads.JMeterThread.run(JMeterThread.java:255)
	at java.lang.Thread.run(Thread.java:745)

2014/10/07 13:39:12 INFO  - jmeter.threads.JMeterThread: Thread finished: Portal Users 1-1 
2014/10/07 13:39:12 WARN  - jmeter.util.JMeterUtils: Interrupted in thread Portal Users 1-3 java.lang.InterruptedException
	at java.lang.Object.wait(Native Method)
	at java.lang.Object.wait(Object.java:503)
	at java.awt.EventQueue.invokeAndWait(EventQueue.java:1270)
	at java.awt.EventQueue.invokeAndWait(EventQueue.java:1251)
	at javax.swing.SwingUtilities.invokeAndWait(SwingUtilities.java:1347)
	at org.apache.jmeter.util.JMeterUtils.runSafe(JMeterUtils.java:1292)
	at org.apache.jmeter.visualizers.GraphVisualizer.add(GraphVisualizer.java:132)
	at org.apache.jmeter.reporters.ResultCollector.sendToVisualizer(ResultCollector.java:518)
	at org.apache.jmeter.reporters.ResultCollector.sampleOccurred(ResultCollector.java:494)
	at org.apache.jmeter.threads.ListenerNotifier.notifyListeners(ListenerNotifier.java:84)
	at org.apache.jmeter.threads.JMeterThread.notifyListeners(JMeterThread.java:774)
	at org.apache.jmeter.threads.JMeterThread.process_sampler(JMeterThread.java:440)
	at org.apache.jmeter.threads.JMeterThread.run(JMeterThread.java:255)
	at java.lang.Thread.run(Thread.java:745)

2014/10/07 13:39:12 INFO  - jmeter.threads.JMeterThread: Thread finished: Portal Users 1-3 
2014/10/07 13:39:12 INFO  - jmeter.engine.StandardJMeterEngine: Notifying test listeners of end of test 
2014/10/07 13:39:12 INFO  - jmeter.gui.util.JMeterMenuBar: setRunning(false,*local*) 
2014/10/07 13:40:57 INFO  - jmeter.engine.StandardJMeterEngine: Running the test! 
2014/10/07 13:40:57 INFO  - jmeter.gui.util.JMeterMenuBar: setRunning(true,*local*) 
2014/10/07 13:40:57 INFO  - jmeter.engine.StandardJMeterEngine: Starting ThreadGroup: 1 : Portal Users 
2014/10/07 13:40:57 INFO  - jmeter.engine.StandardJMeterEngine: Starting 5 threads for group Portal Users. 
2014/10/07 13:40:57 INFO  - jmeter.engine.StandardJMeterEngine: Thread will continue on error 
2014/10/07 13:40:57 INFO  - jmeter.threads.ThreadGroup: Starting thread group number 1 threads 5 ramp-up 1 perThread 200.0 delayedStart=false 
2014/10/07 13:40:57 INFO  - jmeter.threads.JMeterThread: Thread started: Portal Users 1-1 
2014/10/07 13:40:57 INFO  - jmeter.threads.ThreadGroup: Started thread group number 1 
2014/10/07 13:40:57 INFO  - jmeter.engine.StandardJMeterEngine: All thread groups have been started 
2014/10/07 13:40:57 INFO  - jmeter.threads.JMeterThread: Thread finished: Portal Users 1-1 
2014/10/07 13:40:58 INFO  - jmeter.threads.JMeterThread: Thread started: Portal Users 1-2 
2014/10/07 13:40:58 INFO  - jmeter.threads.JMeterThread: Thread finished: Portal Users 1-2 
2014/10/07 13:40:58 INFO  - jmeter.threads.JMeterThread: Thread started: Portal Users 1-3 
2014/10/07 13:40:58 INFO  - jmeter.threads.JMeterThread: Thread finished: Portal Users 1-3 
2014/10/07 13:40:58 INFO  - jmeter.threads.JMeterThread: Thread started: Portal Users 1-4 
2014/10/07 13:40:58 INFO  - jmeter.threads.JMeterThread: Thread finished: Portal Users 1-4 
2014/10/07 13:40:58 INFO  - jmeter.threads.JMeterThread: Thread started: Portal Users 1-5 
2014/10/07 13:40:58 INFO  - jmeter.threads.JMeterThread: Thread finished: Portal Users 1-5 
2014/10/07 13:40:58 INFO  - jmeter.engine.StandardJMeterEngine: Notifying test listeners of end of test 
2014/10/07 13:40:58 INFO  - jmeter.gui.util.JMeterMenuBar: setRunning(false,*local*) 
2014/10/07 13:41:55 INFO  - jmeter.engine.StandardJMeterEngine: Running the test! 
2014/10/07 13:41:55 INFO  - jmeter.gui.util.JMeterMenuBar: setRunning(true,*local*) 
2014/10/07 13:41:55 INFO  - jmeter.engine.StandardJMeterEngine: Starting ThreadGroup: 1 : Portal Users 
2014/10/07 13:41:55 INFO  - jmeter.engine.StandardJMeterEngine: Starting 5 threads for group Portal Users. 
2014/10/07 13:41:55 INFO  - jmeter.engine.StandardJMeterEngine: Thread will continue on error 
2014/10/07 13:41:55 INFO  - jmeter.threads.ThreadGroup: Starting thread group number 1 threads 5 ramp-up 1 perThread 200.0 delayedStart=false 
2014/10/07 13:41:55 INFO  - jmeter.threads.JMeterThread: Thread started: Portal Users 1-1 
2014/10/07 13:41:56 INFO  - jmeter.threads.ThreadGroup: Started thread group number 1 
2014/10/07 13:41:56 INFO  - jmeter.engine.StandardJMeterEngine: All thread groups have been started 
2014/10/07 13:41:56 INFO  - jmeter.threads.JMeterThread: Thread started: Portal Users 1-2 
2014/10/07 13:41:56 INFO  - jmeter.threads.JMeterThread: Thread started: Portal Users 1-3 
2014/10/07 13:41:56 INFO  - jmeter.threads.JMeterThread: Thread finished: Portal Users 1-2 
2014/10/07 13:41:56 INFO  - jmeter.threads.JMeterThread: Thread started: Portal Users 1-4 
2014/10/07 13:41:56 INFO  - jmeter.threads.JMeterThread: Thread finished: Portal Users 1-3 
2014/10/07 13:41:56 INFO  - jmeter.threads.JMeterThread: Thread finished: Portal Users 1-1 
2014/10/07 13:41:56 INFO  - jmeter.threads.JMeterThread: Thread started: Portal Users 1-5 
2014/10/07 13:41:56 INFO  - jmeter.threads.JMeterThread: Thread finished: Portal Users 1-4 
2014/10/07 13:41:57 INFO  - jmeter.threads.JMeterThread: Thread finished: Portal Users 1-5 
2014/10/07 13:41:57 INFO  - jmeter.engine.StandardJMeterEngine: Notifying test listeners of end of test 
2014/10/07 13:41:57 INFO  - jmeter.gui.util.JMeterMenuBar: setRunning(false,*local*) 
2014/10/07 13:43:43 INFO  - jmeter.engine.StandardJMeterEngine: Running the test! 
2014/10/07 13:43:43 INFO  - jmeter.gui.util.JMeterMenuBar: setRunning(true,*local*) 
2014/10/07 13:43:43 INFO  - jmeter.engine.StandardJMeterEngine: Starting ThreadGroup: 1 : Portal Users 
2014/10/07 13:43:43 INFO  - jmeter.engine.StandardJMeterEngine: Starting 5 threads for group Portal Users. 
2014/10/07 13:43:43 INFO  - jmeter.engine.StandardJMeterEngine: Thread will continue on error 
2014/10/07 13:43:43 INFO  - jmeter.threads.ThreadGroup: Starting thread group number 1 threads 5 ramp-up 1 perThread 200.0 delayedStart=false 
2014/10/07 13:43:43 INFO  - jmeter.threads.JMeterThread: Thread started: Portal Users 1-1 
2014/10/07 13:43:44 INFO  - jmeter.threads.ThreadGroup: Started thread group number 1 
2014/10/07 13:43:44 INFO  - jmeter.engine.StandardJMeterEngine: All thread groups have been started 
2014/10/07 13:43:44 INFO  - jmeter.threads.JMeterThread: Thread started: Portal Users 1-2 
2014/10/07 13:43:44 INFO  - jmeter.threads.JMeterThread: Thread finished: Portal Users 1-1 
2014/10/07 13:43:44 INFO  - jmeter.threads.JMeterThread: Thread started: Portal Users 1-3 
2014/10/07 13:43:44 INFO  - jmeter.threads.JMeterThread: Thread started: Portal Users 1-4 
2014/10/07 13:43:44 INFO  - jmeter.threads.JMeterThread: Thread started: Portal Users 1-5 
2014/10/07 13:43:44 INFO  - jmeter.threads.JMeterThread: Thread finished: Portal Users 1-3 
2014/10/07 13:43:45 INFO  - jmeter.threads.JMeterThread: Thread finished: Portal Users 1-5 
2014/10/07 13:43:46 INFO  - jmeter.threads.JMeterThread: Thread finished: Portal Users 1-2 
2014/10/07 13:43:48 INFO  - jmeter.threads.JMeterThread: Thread finished: Portal Users 1-4 
2014/10/07 13:43:48 INFO  - jmeter.engine.StandardJMeterEngine: Notifying test listeners of end of test 
2014/10/07 13:43:48 INFO  - jmeter.gui.util.JMeterMenuBar: setRunning(false,*local*) 
2014/10/07 13:43:51 INFO  - jmeter.engine.StandardJMeterEngine: Running the test! 
2014/10/07 13:43:51 INFO  - jmeter.gui.util.JMeterMenuBar: setRunning(true,*local*) 
2014/10/07 13:43:51 INFO  - jmeter.engine.StandardJMeterEngine: Starting ThreadGroup: 1 : Portal Users 
2014/10/07 13:43:51 INFO  - jmeter.engine.StandardJMeterEngine: Starting 5 threads for group Portal Users. 
2014/10/07 13:43:51 INFO  - jmeter.engine.StandardJMeterEngine: Thread will continue on error 
2014/10/07 13:43:51 INFO  - jmeter.threads.ThreadGroup: Starting thread group number 1 threads 5 ramp-up 1 perThread 200.0 delayedStart=false 
2014/10/07 13:43:51 INFO  - jmeter.threads.JMeterThread: Thread started: Portal Users 1-1 
2014/10/07 13:43:51 INFO  - jmeter.threads.ThreadGroup: Started thread group number 1 
2014/10/07 13:43:51 INFO  - jmeter.engine.StandardJMeterEngine: All thread groups have been started 
2014/10/07 13:43:51 INFO  - jmeter.threads.JMeterThread: Thread started: Portal Users 1-2 
2014/10/07 13:43:51 INFO  - jmeter.threads.JMeterThread: Thread finished: Portal Users 1-1 
2014/10/07 13:43:51 INFO  - jmeter.threads.JMeterThread: Thread started: Portal Users 1-3 
2014/10/07 13:43:51 INFO  - jmeter.threads.JMeterThread: Thread finished: Portal Users 1-2 
2014/10/07 13:43:51 INFO  - jmeter.threads.JMeterThread: Thread started: Portal Users 1-4 
2014/10/07 13:43:52 INFO  - jmeter.threads.JMeterThread: Thread started: Portal Users 1-5 
2014/10/07 13:43:52 INFO  - jmeter.threads.JMeterThread: Thread finished: Portal Users 1-3 
2014/10/07 13:43:52 INFO  - jmeter.threads.JMeterThread: Thread finished: Portal Users 1-4 
2014/10/07 13:43:52 INFO  - jmeter.threads.JMeterThread: Thread finished: Portal Users 1-5 
2014/10/07 13:43:52 INFO  - jmeter.engine.StandardJMeterEngine: Notifying test listeners of end of test 
2014/10/07 13:43:52 INFO  - jmeter.gui.util.JMeterMenuBar: setRunning(false,*local*) 
2014/10/07 13:44:01 INFO  - jmeter.engine.StandardJMeterEngine: Running the test! 
2014/10/07 13:44:01 INFO  - jmeter.gui.util.JMeterMenuBar: setRunning(true,*local*) 
2014/10/07 13:44:01 INFO  - jmeter.engine.StandardJMeterEngine: Starting ThreadGroup: 1 : Portal Users 
2014/10/07 13:44:01 INFO  - jmeter.engine.StandardJMeterEngine: Starting 5 threads for group Portal Users. 
2014/10/07 13:44:01 INFO  - jmeter.engine.StandardJMeterEngine: Thread will continue on error 
2014/10/07 13:44:01 INFO  - jmeter.threads.ThreadGroup: Starting thread group number 1 threads 5 ramp-up 1 perThread 200.0 delayedStart=false 
2014/10/07 13:44:01 INFO  - jmeter.threads.JMeterThread: Thread started: Portal Users 1-1 
2014/10/07 13:44:01 INFO  - jmeter.threads.ThreadGroup: Started thread group number 1 
2014/10/07 13:44:01 INFO  - jmeter.engine.StandardJMeterEngine: All thread groups have been started 
2014/10/07 13:44:01 INFO  - jmeter.threads.JMeterThread: Thread started: Portal Users 1-2 
2014/10/07 13:44:02 INFO  - jmeter.threads.JMeterThread: Thread started: Portal Users 1-3 
2014/10/07 13:44:02 INFO  - jmeter.threads.JMeterThread: Thread finished: Portal Users 1-1 
2014/10/07 13:44:02 INFO  - jmeter.threads.JMeterThread: Thread started: Portal Users 1-4 
2014/10/07 13:44:02 INFO  - jmeter.threads.JMeterThread: Thread finished: Portal Users 1-3 
2014/10/07 13:44:02 INFO  - jmeter.threads.JMeterThread: Thread finished: Portal Users 1-2 
2014/10/07 13:44:02 INFO  - jmeter.threads.JMeterThread: Thread started: Portal Users 1-5 
2014/10/07 13:44:02 INFO  - jmeter.threads.JMeterThread: Thread finished: Portal Users 1-4 
2014/10/07 13:44:03 INFO  - jmeter.threads.JMeterThread: Thread finished: Portal Users 1-5 
2014/10/07 13:44:03 INFO  - jmeter.engine.StandardJMeterEngine: Notifying test listeners of end of test 
2014/10/07 13:44:03 INFO  - jmeter.gui.util.JMeterMenuBar: setRunning(false,*local*) 
2014/10/07 13:44:07 INFO  - jmeter.engine.StandardJMeterEngine: Running the test! 
2014/10/07 13:44:07 INFO  - jmeter.gui.util.JMeterMenuBar: setRunning(true,*local*) 
2014/10/07 13:44:07 INFO  - jmeter.engine.StandardJMeterEngine: Starting ThreadGroup: 1 : Portal Users 
2014/10/07 13:44:07 INFO  - jmeter.engine.StandardJMeterEngine: Starting 5 threads for group Portal Users. 
2014/10/07 13:44:07 INFO  - jmeter.engine.StandardJMeterEngine: Thread will continue on error 
2014/10/07 13:44:07 INFO  - jmeter.threads.ThreadGroup: Starting thread group number 1 threads 5 ramp-up 1 perThread 200.0 delayedStart=false 
2014/10/07 13:44:07 INFO  - jmeter.threads.JMeterThread: Thread started: Portal Users 1-1 
2014/10/07 13:44:07 INFO  - jmeter.threads.ThreadGroup: Started thread group number 1 
2014/10/07 13:44:07 INFO  - jmeter.engine.StandardJMeterEngine: All thread groups have been started 
2014/10/07 13:44:07 INFO  - jmeter.threads.JMeterThread: Thread started: Portal Users 1-2 
2014/10/07 13:44:08 INFO  - jmeter.threads.JMeterThread: Thread finished: Portal Users 1-1 
2014/10/07 13:44:08 INFO  - jmeter.threads.JMeterThread: Thread started: Portal Users 1-3 
2014/10/07 13:44:08 INFO  - jmeter.threads.JMeterThread: Thread finished: Portal Users 1-2 
2014/10/07 13:44:08 INFO  - jmeter.threads.JMeterThread: Thread started: Portal Users 1-4 
2014/10/07 13:44:08 INFO  - jmeter.threads.JMeterThread: Thread started: Portal Users 1-5 
2014/10/07 13:44:08 INFO  - jmeter.threads.JMeterThread: Thread finished: Portal Users 1-3 
2014/10/07 13:44:09 INFO  - jmeter.threads.JMeterThread: Thread finished: Portal Users 1-5 
2014/10/07 13:44:09 INFO  - jmeter.threads.JMeterThread: Thread finished: Portal Users 1-4 
2014/10/07 13:44:09 INFO  - jmeter.engine.StandardJMeterEngine: Notifying test listeners of end of test 
2014/10/07 13:44:09 INFO  - jmeter.gui.util.JMeterMenuBar: setRunning(false,*local*) 
2014/10/07 13:46:15 INFO  - jmeter.engine.StandardJMeterEngine: Running the test! 
2014/10/07 13:46:15 INFO  - jmeter.gui.util.JMeterMenuBar: setRunning(true,*local*) 
2014/10/07 13:46:15 INFO  - jmeter.engine.StandardJMeterEngine: Starting ThreadGroup: 1 : Portal Users 
2014/10/07 13:46:15 INFO  - jmeter.engine.StandardJMeterEngine: Starting 5 threads for group Portal Users. 
2014/10/07 13:46:15 INFO  - jmeter.engine.StandardJMeterEngine: Thread will continue on error 
2014/10/07 13:46:15 INFO  - jmeter.threads.ThreadGroup: Starting thread group number 1 threads 5 ramp-up 1 perThread 200.0 delayedStart=false 
2014/10/07 13:46:15 INFO  - jmeter.threads.JMeterThread: Thread started: Portal Users 1-1 
2014/10/07 13:46:15 INFO  - jmeter.threads.ThreadGroup: Started thread group number 1 
2014/10/07 13:46:15 INFO  - jmeter.engine.StandardJMeterEngine: All thread groups have been started 
2014/10/07 13:46:15 INFO  - jmeter.threads.JMeterThread: Thread started: Portal Users 1-2 
2014/10/07 13:46:15 INFO  - jmeter.threads.JMeterThread: Thread started: Portal Users 1-3 
2014/10/07 13:46:15 INFO  - jmeter.threads.JMeterThread: Thread started: Portal Users 1-4 
2014/10/07 13:46:16 INFO  - jmeter.threads.JMeterThread: Thread started: Portal Users 1-5 
2014/10/07 13:46:17 INFO  - jmeter.threads.JMeterThread: Thread finished: Portal Users 1-2 
2014/10/07 13:46:17 INFO  - jmeter.threads.JMeterThread: Thread finished: Portal Users 1-1 
2014/10/07 13:46:18 INFO  - jmeter.threads.JMeterThread: Thread finished: Portal Users 1-4 
2014/10/07 13:46:18 INFO  - jmeter.threads.JMeterThread: Thread finished: Portal Users 1-3 
2014/10/07 13:46:18 INFO  - jmeter.threads.JMeterThread: Thread finished: Portal Users 1-5 
2014/10/07 13:46:18 INFO  - jmeter.engine.StandardJMeterEngine: Notifying test listeners of end of test 
2014/10/07 13:46:18 INFO  - jmeter.gui.util.JMeterMenuBar: setRunning(false,*local*) 
2014/10/07 13:47:07 INFO  - jmeter.engine.StandardJMeterEngine: Running the test! 
2014/10/07 13:47:07 INFO  - jmeter.gui.util.JMeterMenuBar: setRunning(true,*local*) 
2014/10/07 13:47:07 INFO  - jmeter.engine.StandardJMeterEngine: Starting ThreadGroup: 1 : Portal Users 
2014/10/07 13:47:07 INFO  - jmeter.engine.StandardJMeterEngine: Starting 5 threads for group Portal Users. 
2014/10/07 13:47:07 INFO  - jmeter.engine.StandardJMeterEngine: Thread will continue on error 
2014/10/07 13:47:07 INFO  - jmeter.threads.ThreadGroup: Starting thread group number 1 threads 5 ramp-up 1 perThread 200.0 delayedStart=false 
2014/10/07 13:47:07 INFO  - jmeter.threads.JMeterThread: Thread started: Portal Users 1-1 
2014/10/07 13:47:07 INFO  - jmeter.threads.ThreadGroup: Started thread group number 1 
2014/10/07 13:47:07 INFO  - jmeter.engine.StandardJMeterEngine: All thread groups have been started 
2014/10/07 13:47:08 INFO  - jmeter.threads.JMeterThread: Thread started: Portal Users 1-2 
2014/10/07 13:47:08 INFO  - jmeter.threads.JMeterThread: Thread started: Portal Users 1-3 
2014/10/07 13:47:08 INFO  - jmeter.threads.JMeterThread: Thread started: Portal Users 1-4 
2014/10/07 13:47:08 INFO  - jmeter.threads.JMeterThread: Thread started: Portal Users 1-5 
2014/10/07 13:47:09 INFO  - jmeter.threads.JMeterThread: Thread finished: Portal Users 1-2 
2014/10/07 13:47:10 INFO  - jmeter.threads.JMeterThread: Thread finished: Portal Users 1-1 
2014/10/07 13:47:11 INFO  - jmeter.threads.JMeterThread: Thread finished: Portal Users 1-3 
2014/10/07 13:47:11 INFO  - jmeter.threads.JMeterThread: Thread finished: Portal Users 1-5 
2014/10/07 13:47:12 INFO  - jmeter.threads.JMeterThread: Thread finished: Portal Users 1-4 
2014/10/07 13:47:12 INFO  - jmeter.engine.StandardJMeterEngine: Notifying test listeners of end of test 
2014/10/07 13:47:12 INFO  - jmeter.gui.util.JMeterMenuBar: setRunning(false,*local*) 
2014/10/07 13:47:12 INFO  - jmeter.engine.StandardJMeterEngine: Running the test! 
2014/10/07 13:47:12 INFO  - jmeter.gui.util.JMeterMenuBar: setRunning(true,*local*) 
2014/10/07 13:47:13 INFO  - jmeter.engine.StandardJMeterEngine: Starting ThreadGroup: 1 : Portal Users 
2014/10/07 13:47:13 INFO  - jmeter.engine.StandardJMeterEngine: Starting 5 threads for group Portal Users. 
2014/10/07 13:47:13 INFO  - jmeter.engine.StandardJMeterEngine: Thread will continue on error 
2014/10/07 13:47:13 INFO  - jmeter.threads.ThreadGroup: Starting thread group number 1 threads 5 ramp-up 1 perThread 200.0 delayedStart=false 
2014/10/07 13:47:13 INFO  - jmeter.threads.JMeterThread: Thread started: Portal Users 1-1 
2014/10/07 13:47:13 INFO  - jmeter.threads.ThreadGroup: Started thread group number 1 
2014/10/07 13:47:13 INFO  - jmeter.engine.StandardJMeterEngine: All thread groups have been started 
2014/10/07 13:47:13 INFO  - jmeter.threads.JMeterThread: Thread started: Portal Users 1-2 
2014/10/07 13:47:13 INFO  - jmeter.threads.JMeterThread: Thread started: Portal Users 1-3 
2014/10/07 13:47:13 INFO  - jmeter.threads.JMeterThread: Thread started: Portal Users 1-4 
2014/10/07 13:47:13 INFO  - jmeter.threads.JMeterThread: Thread started: Portal Users 1-5 
2014/10/07 13:47:15 INFO  - jmeter.threads.JMeterThread: Thread finished: Portal Users 1-2 
2014/10/07 13:47:15 INFO  - jmeter.threads.JMeterThread: Thread finished: Portal Users 1-3 
2014/10/07 13:47:15 INFO  - jmeter.threads.JMeterThread: Thread finished: Portal Users 1-1 
2014/10/07 13:47:16 INFO  - jmeter.threads.JMeterThread: Thread finished: Portal Users 1-5 
2014/10/07 13:47:16 INFO  - jmeter.threads.JMeterThread: Thread finished: Portal Users 1-4 
2014/10/07 13:47:16 INFO  - jmeter.engine.StandardJMeterEngine: Notifying test listeners of end of test 
2014/10/07 13:47:16 INFO  - jmeter.gui.util.JMeterMenuBar: setRunning(false,*local*) 
2014/10/07 13:47:20 INFO  - jmeter.engine.StandardJMeterEngine: Running the test! 
2014/10/07 13:47:20 INFO  - jmeter.gui.util.JMeterMenuBar: setRunning(true,*local*) 
2014/10/07 13:47:20 INFO  - jmeter.engine.StandardJMeterEngine: Starting ThreadGroup: 1 : Portal Users 
2014/10/07 13:47:20 INFO  - jmeter.engine.StandardJMeterEngine: Starting 5 threads for group Portal Users. 
2014/10/07 13:47:20 INFO  - jmeter.engine.StandardJMeterEngine: Thread will continue on error 
2014/10/07 13:47:20 INFO  - jmeter.threads.ThreadGroup: Starting thread group number 1 threads 5 ramp-up 1 perThread 200.0 delayedStart=false 
2014/10/07 13:47:20 INFO  - jmeter.threads.JMeterThread: Thread started: Portal Users 1-1 
2014/10/07 13:47:20 INFO  - jmeter.threads.ThreadGroup: Started thread group number 1 
2014/10/07 13:47:20 INFO  - jmeter.engine.StandardJMeterEngine: All thread groups have been started 
2014/10/07 13:47:20 INFO  - jmeter.threads.JMeterThread: Thread started: Portal Users 1-2 
2014/10/07 13:47:20 INFO  - jmeter.threads.JMeterThread: Thread started: Portal Users 1-3 
2014/10/07 13:47:20 INFO  - jmeter.threads.JMeterThread: Thread started: Portal Users 1-4 
2014/10/07 13:47:21 INFO  - jmeter.threads.JMeterThread: Thread started: Portal Users 1-5 
2014/10/07 13:47:22 INFO  - jmeter.threads.JMeterThread: Thread finished: Portal Users 1-1 
2014/10/07 13:47:22 INFO  - jmeter.threads.JMeterThread: Thread finished: Portal Users 1-2 
2014/10/07 13:47:22 INFO  - jmeter.threads.JMeterThread: Thread finished: Portal Users 1-4 
2014/10/07 13:47:22 INFO  - jmeter.threads.JMeterThread: Thread finished: Portal Users 1-5 
2014/10/07 13:47:22 INFO  - jmeter.threads.JMeterThread: Thread finished: Portal Users 1-3 
2014/10/07 13:47:22 INFO  - jmeter.engine.StandardJMeterEngine: Notifying test listeners of end of test 
2014/10/07 13:47:22 INFO  - jmeter.gui.util.JMeterMenuBar: setRunning(false,*local*) 
2014/10/07 13:47:34 INFO  - jmeter.gui.action.RemoteStart: Initialising remote engine: 127.0.0.1 
2014/10/07 13:47:35 ERROR - jmeter.gui.action.RemoteStart: Failed to initialise remote engine java.rmi.ConnectException: Connection refused to host: 127.0.0.1; nested exception is: 
	java.net.ConnectException: Connection refused
	at sun.rmi.transport.tcp.TCPEndpoint.newSocket(TCPEndpoint.java:619)
	at sun.rmi.transport.tcp.TCPChannel.createConnection(TCPChannel.java:216)
	at sun.rmi.transport.tcp.TCPChannel.newConnection(TCPChannel.java:202)
	at sun.rmi.server.UnicastRef.newCall(UnicastRef.java:341)
	at sun.rmi.registry.RegistryImpl_Stub.lookup(Unknown Source)
	at java.rmi.Naming.lookup(Naming.java:101)
	at org.apache.jmeter.engine.ClientJMeterEngine.getEngine(ClientJMeterEngine.java:54)
	at org.apache.jmeter.engine.ClientJMeterEngine.<init>(ClientJMeterEngine.java:67)
	at org.apache.jmeter.gui.action.RemoteStart.doRemoteInit(RemoteStart.java:176)
	at org.apache.jmeter.gui.action.RemoteStart.doAction(RemoteStart.java:87)
	at org.apache.jmeter.gui.action.ActionRouter.performAction(ActionRouter.java:79)
	at org.apache.jmeter.gui.action.ActionRouter.access$000(ActionRouter.java:40)
	at org.apache.jmeter.gui.action.ActionRouter$1.run(ActionRouter.java:61)
	at java.awt.event.InvocationEvent.dispatch(InvocationEvent.java:312)
	at java.awt.EventQueue.dispatchEventImpl(EventQueue.java:733)
	at java.awt.EventQueue.access$200(EventQueue.java:103)
	at java.awt.EventQueue$3.run(EventQueue.java:694)
	at java.awt.EventQueue$3.run(EventQueue.java:692)
	at java.security.AccessController.doPrivileged(Native Method)
	at java.security.ProtectionDomain$1.doIntersectionPrivilege(ProtectionDomain.java:76)
	at java.awt.EventQueue.dispatchEvent(EventQueue.java:703)
	at java.awt.EventDispatchThread.pumpOneEventForFilters(EventDispatchThread.java:242)
	at java.awt.EventDispatchThread.pumpEventsForFilter(EventDispatchThread.java:161)
	at java.awt.EventDispatchThread.pumpEventsForHierarchy(EventDispatchThread.java:150)
	at java.awt.EventDispatchThread.pumpEvents(EventDispatchThread.java:146)
	at java.awt.EventDispatchThread.pumpEvents(EventDispatchThread.java:138)
	at java.awt.EventDispatchThread.run(EventDispatchThread.java:91)
Caused by: java.net.ConnectException: Connection refused
	at java.net.PlainSocketImpl.socketConnect(Native Method)
	at java.net.AbstractPlainSocketImpl.doConnect(AbstractPlainSocketImpl.java:339)
	at java.net.AbstractPlainSocketImpl.connectToAddress(AbstractPlainSocketImpl.java:200)
	at java.net.AbstractPlainSocketImpl.connect(AbstractPlainSocketImpl.java:182)
	at java.net.SocksSocketImpl.connect(SocksSocketImpl.java:392)
	at java.net.Socket.connect(Socket.java:579)
	at java.net.Socket.connect(Socket.java:528)
	at java.net.Socket.<init>(Socket.java:425)
	at java.net.Socket.<init>(Socket.java:208)
	at sun.rmi.transport.proxy.RMIDirectSocketFactory.createSocket(RMIDirectSocketFactory.java:40)
	at sun.rmi.transport.proxy.RMIMasterSocketFactory.createSocket(RMIMasterSocketFactory.java:147)
	at sun.rmi.transport.tcp.TCPEndpoint.newSocket(TCPEndpoint.java:613)
	... 26 more

2014/10/07 13:47:39 INFO  - jmeter.engine.StandardJMeterEngine: Running the test! 
2014/10/07 13:47:39 INFO  - jmeter.gui.util.JMeterMenuBar: setRunning(true,*local*) 
2014/10/07 13:47:39 INFO  - jmeter.engine.StandardJMeterEngine: Starting ThreadGroup: 1 : Portal Users 
2014/10/07 13:47:39 INFO  - jmeter.engine.StandardJMeterEngine: Starting 5 threads for group Portal Users. 
2014/10/07 13:47:39 INFO  - jmeter.engine.StandardJMeterEngine: Thread will continue on error 
2014/10/07 13:47:39 INFO  - jmeter.threads.ThreadGroup: Starting thread group number 1 threads 5 ramp-up 1 perThread 200.0 delayedStart=false 
2014/10/07 13:47:39 INFO  - jmeter.threads.JMeterThread: Thread started: Portal Users 1-1 
2014/10/07 13:47:39 INFO  - jmeter.threads.ThreadGroup: Started thread group number 1 
2014/10/07 13:47:39 INFO  - jmeter.engine.StandardJMeterEngine: All thread groups have been started 
2014/10/07 13:47:40 INFO  - jmeter.threads.JMeterThread: Thread started: Portal Users 1-2 
2014/10/07 13:47:40 INFO  - jmeter.threads.JMeterThread: Thread started: Portal Users 1-3 
2014/10/07 13:47:40 INFO  - jmeter.threads.JMeterThread: Thread started: Portal Users 1-4 
2014/10/07 13:47:40 INFO  - jmeter.threads.JMeterThread: Thread started: Portal Users 1-5 
2014/10/07 13:47:41 INFO  - jmeter.threads.JMeterThread: Thread finished: Portal Users 1-1 
2014/10/07 13:47:41 INFO  - jmeter.threads.JMeterThread: Thread finished: Portal Users 1-2 
2014/10/07 13:47:42 INFO  - jmeter.threads.JMeterThread: Thread finished: Portal Users 1-3 
2014/10/07 13:47:42 INFO  - jmeter.threads.JMeterThread: Thread finished: Portal Users 1-4 
2014/10/07 13:47:43 INFO  - jmeter.threads.JMeterThread: Thread finished: Portal Users 1-5 
2014/10/07 13:47:43 INFO  - jmeter.engine.StandardJMeterEngine: Notifying test listeners of end of test 
2014/10/07 13:47:43 INFO  - jmeter.gui.util.JMeterMenuBar: setRunning(false,*local*) 
2014/10/07 13:48:04 INFO  - jmeter.engine.StandardJMeterEngine: Running the test! 
2014/10/07 13:48:04 INFO  - jmeter.gui.util.JMeterMenuBar: setRunning(true,*local*) 
2014/10/07 13:48:04 INFO  - jmeter.engine.StandardJMeterEngine: Starting ThreadGroup: 1 : Portal Users 
2014/10/07 13:48:04 INFO  - jmeter.engine.StandardJMeterEngine: Starting 5 threads for group Portal Users. 
2014/10/07 13:48:04 INFO  - jmeter.engine.StandardJMeterEngine: Thread will continue on error 
2014/10/07 13:48:04 INFO  - jmeter.threads.ThreadGroup: Starting thread group number 1 threads 5 ramp-up 1 perThread 200.0 delayedStart=false 
2014/10/07 13:48:04 INFO  - jmeter.threads.JMeterThread: Thread started: Portal Users 1-1 
2014/10/07 13:48:04 INFO  - jmeter.threads.ThreadGroup: Started thread group number 1 
2014/10/07 13:48:04 INFO  - jmeter.engine.StandardJMeterEngine: All thread groups have been started 
2014/10/07 13:48:04 INFO  - jmeter.threads.JMeterThread: Thread started: Portal Users 1-2 
2014/10/07 13:48:04 INFO  - jmeter.threads.JMeterThread: Thread started: Portal Users 1-3 
2014/10/07 13:48:04 INFO  - jmeter.threads.JMeterThread: Thread started: Portal Users 1-4 
2014/10/07 13:48:05 INFO  - jmeter.threads.JMeterThread: Thread started: Portal Users 1-5 
2014/10/07 13:48:06 INFO  - jmeter.threads.JMeterThread: Thread finished: Portal Users 1-3 
2014/10/07 13:48:06 INFO  - jmeter.threads.JMeterThread: Thread finished: Portal Users 1-1 
2014/10/07 13:48:06 INFO  - jmeter.threads.JMeterThread: Thread finished: Portal Users 1-4 
2014/10/07 13:48:06 INFO  - jmeter.threads.JMeterThread: Thread finished: Portal Users 1-2 
2014/10/07 13:48:06 INFO  - jmeter.threads.JMeterThread: Thread finished: Portal Users 1-5 
2014/10/07 13:48:06 INFO  - jmeter.engine.StandardJMeterEngine: Notifying test listeners of end of test 
2014/10/07 13:48:06 INFO  - jmeter.gui.util.JMeterMenuBar: setRunning(false,*local*) 
2014/10/07 13:49:27 INFO  - jmeter.engine.StandardJMeterEngine: Running the test! 
2014/10/07 13:49:27 INFO  - jmeter.gui.util.JMeterMenuBar: setRunning(true,*local*) 
2014/10/07 13:49:27 INFO  - jmeter.engine.StandardJMeterEngine: Starting ThreadGroup: 1 : Portal Users 
2014/10/07 13:49:27 INFO  - jmeter.engine.StandardJMeterEngine: Starting 5 threads for group Portal Users. 
2014/10/07 13:49:27 INFO  - jmeter.engine.StandardJMeterEngine: Thread will continue on error 
2014/10/07 13:49:27 INFO  - jmeter.threads.ThreadGroup: Starting thread group number 1 threads 5 ramp-up 1 perThread 200.0 delayedStart=false 
2014/10/07 13:49:27 INFO  - jmeter.threads.JMeterThread: Thread started: Portal Users 1-1 
2014/10/07 13:49:27 INFO  - jmeter.threads.ThreadGroup: Started thread group number 1 
2014/10/07 13:49:27 INFO  - jmeter.engine.StandardJMeterEngine: All thread groups have been started 
2014/10/07 13:49:28 INFO  - jmeter.threads.JMeterThread: Thread started: Portal Users 1-2 
2014/10/07 13:49:28 INFO  - jmeter.threads.JMeterThread: Thread started: Portal Users 1-3 
2014/10/07 13:49:28 INFO  - jmeter.threads.JMeterThread: Thread started: Portal Users 1-4 
2014/10/07 13:49:28 INFO  - jmeter.threads.JMeterThread: Thread started: Portal Users 1-5 
2014/10/07 13:49:54 INFO  - jmeter.threads.JMeterThread: Thread finished: Portal Users 1-4 
2014/10/07 13:49:55 INFO  - jmeter.threads.JMeterThread: Thread finished: Portal Users 1-3 
2014/10/07 13:49:56 INFO  - jmeter.threads.JMeterThread: Thread finished: Portal Users 1-1 
2014/10/07 13:49:56 INFO  - jmeter.threads.JMeterThread: Thread finished: Portal Users 1-5 
2014/10/07 13:49:56 INFO  - jmeter.threads.JMeterThread: Thread finished: Portal Users 1-2 
2014/10/07 13:49:56 INFO  - jmeter.engine.StandardJMeterEngine: Notifying test listeners of end of test 
2014/10/07 13:49:56 INFO  - jmeter.gui.util.JMeterMenuBar: setRunning(false,*local*) 
2014/10/07 14:07:13 INFO  - jmeter.engine.StandardJMeterEngine: Running the test! 
2014/10/07 14:07:13 INFO  - jmeter.gui.util.JMeterMenuBar: setRunning(true,*local*) 
2014/10/07 14:07:13 INFO  - jmeter.engine.StandardJMeterEngine: Starting ThreadGroup: 1 : Portal Users 
2014/10/07 14:07:13 INFO  - jmeter.engine.StandardJMeterEngine: Starting 5 threads for group Portal Users. 
2014/10/07 14:07:13 INFO  - jmeter.engine.StandardJMeterEngine: Thread will continue on error 
2014/10/07 14:07:13 INFO  - jmeter.threads.ThreadGroup: Starting thread group number 1 threads 5 ramp-up 1 perThread 200.0 delayedStart=false 
2014/10/07 14:07:13 INFO  - jmeter.threads.JMeterThread: Thread started: Portal Users 1-1 
2014/10/07 14:07:13 INFO  - jmeter.threads.ThreadGroup: Started thread group number 1 
2014/10/07 14:07:13 INFO  - jmeter.engine.StandardJMeterEngine: All thread groups have been started 
2014/10/07 14:07:13 INFO  - jmeter.threads.JMeterThread: Thread started: Portal Users 1-2 
2014/10/07 14:07:13 INFO  - jmeter.threads.JMeterThread: Thread started: Portal Users 1-3 
2014/10/07 14:07:14 INFO  - jmeter.threads.JMeterThread: Thread started: Portal Users 1-4 
2014/10/07 14:07:14 INFO  - jmeter.threads.JMeterThread: Thread started: Portal Users 1-5 
2014/10/07 14:07:17 INFO  - jmeter.threads.JMeterThread: Thread finished: Portal Users 1-4 
2014/10/07 14:07:17 INFO  - jmeter.threads.JMeterThread: Thread finished: Portal Users 1-2 
2014/10/07 14:07:17 INFO  - jmeter.threads.JMeterThread: Thread finished: Portal Users 1-1 
2014/10/07 14:07:18 INFO  - jmeter.threads.JMeterThread: Thread finished: Portal Users 1-3 
2014/10/07 14:07:18 INFO  - jmeter.threads.JMeterThread: Thread finished: Portal Users 1-5 
2014/10/07 14:07:18 INFO  - jmeter.engine.StandardJMeterEngine: Notifying test listeners of end of test 
2014/10/07 14:07:18 INFO  - jmeter.gui.util.JMeterMenuBar: setRunning(false,*local*) 
